2017-08-08 20:05:38.776572 + hdfs:///user/farhadi/deepdive/birth_place created
2017-08-08 20:05:41.466365 
2017-08-08 20:06:36.313935 Loading articles from input/articles.tsv (tsv format)
2017-08-08 20:06:36.344039 input/articles.tsv
2017-08-08 20:06:36.344193 Found
2017-08-08 20:06:48.373726 
2017-08-08 20:07:46.933925 Moved: 'hdfs://diufpc56.unifr.ch:8020/user/farhadi/deepdive/birth_place/articles' to trash at: hdfs://diufpc56.unifr.ch:8020/user/ehsan/.Trash/Current
2017-08-08 20:07:51.908612 Moved: 'hdfs://diufpc56.unifr.ch:8020/user/farhadi/deepdive/birth_place/tmp/data-table' to trash at: hdfs://diufpc56.unifr.ch:8020/user/ehsan/.Trash/Current
2017-08-08 20:07:52.408720 db-prompt ANALYZE articles; 
2017-08-08 20:07:55.467548 
2017-08-08 20:08:44.714390 
2017-08-08 21:35:05.826247 Moved: 'hdfs://diufpc56.unifr.ch:8020/user/farhadi/deepdive/birth_place/dd_tmp_sentences' to trash at: hdfs://diufpc56.unifr.ch:8020/user/ehsan/.Trash/Current
2017-08-08 21:35:18.542942 Moved: 'hdfs://diufpc56.unifr.ch:8020/user/farhadi/deepdive/birth_place/dd_old_sentences' to trash at: hdfs://diufpc56.unifr.ch:8020/user/ehsan/.Trash/Current
2017-08-08 21:35:19.067912 db-prompt ANALYZE sentences; 
2017-08-08 21:35:22.023816 
2017-08-08 21:36:10.945302 
2017-08-08 21:37:08.796632 Moved: 'hdfs://diufpc56.unifr.ch:8020/user/farhadi/deepdive/birth_place/dd_tmp_person_mention' to trash at: hdfs://diufpc56.unifr.ch:8020/user/ehsan/.Trash/Current
2017-08-08 21:37:21.328013 Moved: 'hdfs://diufpc56.unifr.ch:8020/user/farhadi/deepdive/birth_place/dd_old_person_mention' to trash at: hdfs://diufpc56.unifr.ch:8020/user/ehsan/.Trash/Current
2017-08-08 21:37:21.849780 db-prompt ANALYZE person_mention; 
2017-08-08 21:37:24.620806 
2017-08-08 21:38:28.339937 
2017-08-08 21:39:18.452152 
2017-08-08 21:40:13.696598 Moved: 'hdfs://diufpc56.unifr.ch:8020/user/farhadi/deepdive/birth_place/dd_tmp_place_mention' to trash at: hdfs://diufpc56.unifr.ch:8020/user/ehsan/.Trash/Current
2017-08-08 21:40:26.297101 Moved: 'hdfs://diufpc56.unifr.ch:8020/user/farhadi/deepdive/birth_place/dd_old_place_mention' to trash at: hdfs://diufpc56.unifr.ch:8020/user/ehsan/.Trash/Current
2017-08-08 21:40:26.830795 db-prompt ANALYZE place_mention; 
2017-08-08 21:40:29.620390 
2017-08-08 21:41:29.608346 
2017-08-08 21:42:40.451648 
2017-08-08 21:43:27.324542 
2017-08-08 21:44:58.760993 Moved: 'hdfs://diufpc56.unifr.ch:8020/user/farhadi/deepdive/birth_place/dd_tmp_candidate_label__0' to trash at: hdfs://diufpc56.unifr.ch:8020/user/ehsan/.Trash/Current
2017-08-08 21:45:11.461215 Moved: 'hdfs://diufpc56.unifr.ch:8020/user/farhadi/deepdive/birth_place/dd_old_candidate_label__0' to trash at: hdfs://diufpc56.unifr.ch:8020/user/ehsan/.Trash/Current
2017-08-08 21:45:11.987387 db-prompt ANALYZE candidate_label__0; 
2017-08-08 21:45:14.964258 
2017-08-08 21:46:05.546438 
2017-08-08 21:46:56.178772 Moved: 'hdfs://diufpc56.unifr.ch:8020/user/farhadi/deepdive/birth_place/dd_tmp_nationality_mention' to trash at: hdfs://diufpc56.unifr.ch:8020/user/ehsan/.Trash/Current
2017-08-08 21:47:08.811796 Moved: 'hdfs://diufpc56.unifr.ch:8020/user/farhadi/deepdive/birth_place/dd_old_nationality_mention' to trash at: hdfs://diufpc56.unifr.ch:8020/user/ehsan/.Trash/Current
2017-08-08 21:47:09.337366 db-prompt ANALYZE nationality_mention; 
2017-08-08 21:47:12.208758 
2017-08-08 21:48:01.076468 Loading nationalities from input/nationalities.tsv (tsv format)
2017-08-08 21:48:01.079702 input/nationalities.tsv
2017-08-08 21:48:01.079767 Found
2017-08-08 21:48:07.498925 
2017-08-08 21:48:53.963327 Moved: 'hdfs://diufpc56.unifr.ch:8020/user/farhadi/deepdive/birth_place/nationalities' to trash at: hdfs://diufpc56.unifr.ch:8020/user/ehsan/.Trash/Current
2017-08-08 21:48:58.831409 Moved: 'hdfs://diufpc56.unifr.ch:8020/user/farhadi/deepdive/birth_place/tmp/data-table' to trash at: hdfs://diufpc56.unifr.ch:8020/user/ehsan/.Trash/Current
2017-08-08 21:48:59.335733 db-prompt ANALYZE nationalities; 
2017-08-08 21:49:02.119526 
2017-08-08 21:50:05.663222 
2017-08-08 21:51:19.022938 
2017-08-08 21:52:07.857026 
2017-08-08 21:53:33.263261 Moved: 'hdfs://diufpc56.unifr.ch:8020/user/farhadi/deepdive/birth_place/dd_tmp_candidate_label__1' to trash at: hdfs://diufpc56.unifr.ch:8020/user/ehsan/.Trash/Current
2017-08-08 21:53:45.770855 Moved: 'hdfs://diufpc56.unifr.ch:8020/user/farhadi/deepdive/birth_place/dd_old_candidate_label__1' to trash at: hdfs://diufpc56.unifr.ch:8020/user/ehsan/.Trash/Current
2017-08-08 21:53:46.292711 db-prompt ANALYZE candidate_label__1; 
2017-08-08 21:53:49.067599 
2017-08-08 21:54:45.454917 
