2017-08-10 15:03:56.141655 + hdfs:///user/farhadi/deepdive/birth_place created
2017-08-10 15:03:58.815600 
2017-08-10 15:04:49.152849 Loading articles from input/articles.tsv (tsv format)
2017-08-10 15:04:49.156444 input/articles.tsv
2017-08-10 15:04:49.156570 Found
2017-08-10 15:04:55.511433 
2017-08-10 15:05:40.208728 Moved: 'hdfs://diufpc56.unifr.ch:8020/user/farhadi/deepdive/birth_place/articles' to trash at: hdfs://diufpc56.unifr.ch:8020/user/ehsan/.Trash/Current
2017-08-10 15:05:45.153012 Moved: 'hdfs://diufpc56.unifr.ch:8020/user/farhadi/deepdive/birth_place/tmp/data-table' to trash at: hdfs://diufpc56.unifr.ch:8020/user/ehsan/.Trash/Current
2017-08-10 15:05:45.655180 db-prompt ANALYZE articles; 
2017-08-10 15:05:48.558349 
2017-08-10 15:06:37.360331 
2017-08-10 15:37:15.756136 Moved: 'hdfs://diufpc56.unifr.ch:8020/user/farhadi/deepdive/birth_place/dd_tmp_sentences' to trash at: hdfs://diufpc56.unifr.ch:8020/user/ehsan/.Trash/Current
2017-08-10 15:37:28.021923 Moved: 'hdfs://diufpc56.unifr.ch:8020/user/farhadi/deepdive/birth_place/dd_old_sentences' to trash at: hdfs://diufpc56.unifr.ch:8020/user/ehsan/.Trash/Current
2017-08-10 15:37:28.544387 db-prompt ANALYZE sentences; 
2017-08-10 15:37:31.360256 
2017-08-10 15:38:21.803420 
2017-08-10 15:39:17.124505 Moved: 'hdfs://diufpc56.unifr.ch:8020/user/farhadi/deepdive/birth_place/dd_tmp_person_mention' to trash at: hdfs://diufpc56.unifr.ch:8020/user/ehsan/.Trash/Current
2017-08-10 15:39:29.272110 Moved: 'hdfs://diufpc56.unifr.ch:8020/user/farhadi/deepdive/birth_place/dd_old_person_mention' to trash at: hdfs://diufpc56.unifr.ch:8020/user/ehsan/.Trash/Current
2017-08-10 15:39:29.789571 db-prompt ANALYZE person_mention; 
2017-08-10 15:39:32.472511 
2017-08-10 15:40:31.876307 
2017-08-10 15:41:20.476127 
2017-08-10 15:42:14.601403 Moved: 'hdfs://diufpc56.unifr.ch:8020/user/farhadi/deepdive/birth_place/dd_tmp_place_mention' to trash at: hdfs://diufpc56.unifr.ch:8020/user/ehsan/.Trash/Current
2017-08-10 15:42:28.151480 Moved: 'hdfs://diufpc56.unifr.ch:8020/user/farhadi/deepdive/birth_place/dd_old_place_mention' to trash at: hdfs://diufpc56.unifr.ch:8020/user/ehsan/.Trash/Current
2017-08-10 15:42:28.674378 db-prompt ANALYZE place_mention; 
2017-08-10 15:42:31.359111 
2017-08-10 15:43:27.825293 
2017-08-10 15:44:25.813202 
2017-08-10 15:45:14.183775 
2017-08-10 15:46:24.256691 Moved: 'hdfs://diufpc56.unifr.ch:8020/user/farhadi/deepdive/birth_place/dd_tmp_candidate_label__0' to trash at: hdfs://diufpc56.unifr.ch:8020/user/ehsan/.Trash/Current
2017-08-10 15:46:36.156437 Moved: 'hdfs://diufpc56.unifr.ch:8020/user/farhadi/deepdive/birth_place/dd_old_candidate_label__0' to trash at: hdfs://diufpc56.unifr.ch:8020/user/ehsan/.Trash/Current
2017-08-10 15:46:36.681019 db-prompt ANALYZE candidate_label__0; 
2017-08-10 15:46:39.466470 
2017-08-10 15:47:27.566241 
2017-08-10 15:48:14.083250 Moved: 'hdfs://diufpc56.unifr.ch:8020/user/farhadi/deepdive/birth_place/dd_tmp_nationality_mention' to trash at: hdfs://diufpc56.unifr.ch:8020/user/ehsan/.Trash/Current
2017-08-10 15:48:26.016392 Moved: 'hdfs://diufpc56.unifr.ch:8020/user/farhadi/deepdive/birth_place/dd_old_nationality_mention' to trash at: hdfs://diufpc56.unifr.ch:8020/user/ehsan/.Trash/Current
2017-08-10 15:48:26.542744 db-prompt ANALYZE nationality_mention; 
2017-08-10 15:48:29.273925 
2017-08-10 15:49:13.010381 Loading nationalities from input/nationalities.tsv (tsv format)
2017-08-10 15:49:13.014167 input/nationalities.tsv
2017-08-10 15:49:13.014237 Found
2017-08-10 15:49:18.121547 
2017-08-10 15:49:59.558428 Moved: 'hdfs://diufpc56.unifr.ch:8020/user/farhadi/deepdive/birth_place/nationalities' to trash at: hdfs://diufpc56.unifr.ch:8020/user/ehsan/.Trash/Current
2017-08-10 15:50:04.283727 Moved: 'hdfs://diufpc56.unifr.ch:8020/user/farhadi/deepdive/birth_place/tmp/data-table' to trash at: hdfs://diufpc56.unifr.ch:8020/user/ehsan/.Trash/Current
2017-08-10 15:50:04.782361 db-prompt ANALYZE nationalities; 
2017-08-10 15:50:07.448962 
2017-08-10 15:51:03.059539 
2017-08-10 15:51:59.846330 
2017-08-10 15:52:49.291924 
2017-08-10 15:54:04.509309 Moved: 'hdfs://diufpc56.unifr.ch:8020/user/farhadi/deepdive/birth_place/dd_tmp_candidate_label__1' to trash at: hdfs://diufpc56.unifr.ch:8020/user/ehsan/.Trash/Current
2017-08-10 15:54:16.425907 Moved: 'hdfs://diufpc56.unifr.ch:8020/user/farhadi/deepdive/birth_place/dd_old_candidate_label__1' to trash at: hdfs://diufpc56.unifr.ch:8020/user/ehsan/.Trash/Current
2017-08-10 15:54:16.952066 db-prompt ANALYZE candidate_label__1; 
2017-08-10 15:54:19.536350 
2017-08-10 15:55:25.444872 
